<?xml version="1.0" encoding="UTF-8"?>
<!-- Generated by org.testng.reporters.JUnitXMLReporter -->
<testsuite ignored="0" hostname="Macro" failures="0" tests="7" name="My Test" time="45.58" errors="0" timestamp="2024-08-02T19:33:08 IST">
  <testcase classname="com.TestNGDemos.D05FirstCryAssignment" name="clickOnBoysFashion" time="3.407"/>
  <testcase classname="com.TestNGDemos.D05FirstCryAssignment" name="clickOnGirlsFashion" time="4.11"/>
  <testcase classname="com.TestNGDemos.D05FirstCryAssignment" name="clickOnToys" time="5.239"/>
  <testcase classname="com.TestNGDemos.D05FirstCryAssignment" name="clickOnFootwear" time="2.628"/>
  <testcase classname="com.MyAssignments.A07OHRMLogin_Logout" name="loginToOHRM1" time="0.3"/>
  <testcase classname="com.MyAssignments.A07OHRMLogin_Logout" name="loginToOHRM2" time="1.683"/>
  <testcase classname="com.MyAssignments.A07OHRMLogin_Logout" name="loginToOHRM3" time="1.253"/>
</testsuite> <!-- My Test -->
