<?xml version="1.0" encoding="UTF-8"?>
<!-- Generated by org.testng.reporters.JUnitXMLReporter -->
<testsuite ignored="1" hostname="Macro" failures="0" tests="3" name="MyTest" time="26.647" errors="0" timestamp="2024-08-02T19:21:09 IST">
  <testcase classname="com.TestNGDemos.D05FirstCryAssignment" name="clickOnBoysFashion" time="3.146"/>
  <testcase classname="com.TestNGDemos.D05FirstCryAssignment" name="clickOnGirlsFashion" time="2.749"/>
  <testcase classname="com.TestNGDemos.D05FirstCryAssignment" name="clickOnToys" time="4.298"/>
  <testcase classname="com.TestNGDemos.D05FirstCryAssignment" name="clickOnFootwear" time="0.0">
    <ignored/>
  </testcase> <!-- clickOnFootwear -->
</testsuite> <!-- MyTest -->
