<?xml version="1.0" encoding="UTF-8"?>
<testng-results ignored="0" total="1" passed="1" failed="0" skipped="0">
  <reporter-output>
  </reporter-output>
  <suite started-at="2024-09-10T20:28:05 IST" name="Default suite" finished-at="2024-09-10T20:28:05 IST" duration-ms="91">
    <groups>
    </groups>
    <test started-at="2024-09-10T20:28:05 IST" name="Default test" finished-at="2024-09-10T20:28:05 IST" duration-ms="91">
      <class name="com.RestAssured.ReqesAllUser">
        <test-method is-config="true" signature="beforeMethod()[pri:0, instance:com.RestAssured.ReqesAllUser@54bff557]" started-at="2024-09-10T20:28:05 IST" name="beforeMethod" finished-at="2024-09-10T20:28:05 IST" duration-ms="12" status="PASS">
          <reporter-output>
          </reporter-output>
        </test-method> <!-- beforeMethod -->
        <test-method signature="ValidateReqesIndUser()[pri:0, instance:com.RestAssured.ReqesAllUser@54bff557]" started-at="2024-09-10T20:28:05 IST" name="ValidateReqesIndUser" finished-at="2024-09-10T20:28:05 IST" duration-ms="6" status="PASS">
          <reporter-output>
          </reporter-output>
        </test-method> <!-- ValidateReqesIndUser -->
        <test-method is-config="true" signature="afterMethod()[pri:0, instance:com.RestAssured.ReqesAllUser@54bff557]" started-at="2024-09-10T20:28:05 IST" name="afterMethod" finished-at="2024-09-10T20:28:05 IST" duration-ms="1" status="PASS">
          <reporter-output>
          </reporter-output>
        </test-method> <!-- afterMethod -->
      </class> <!-- com.RestAssured.ReqesAllUser -->
    </test> <!-- Default test -->
  </suite> <!-- Default suite -->
</testng-results>
