<?xml version="1.0" encoding="UTF-8"?>
<!-- Generated by org.testng.reporters.JUnitXMLReporter -->
<testsuite ignored="0" hostname="Macro" failures="0" tests="3" name="MyTest" time="19.067" errors="0" timestamp="2024-08-02T19:52:54 IST">
  <testcase classname="com.TestNGDemos.D02MultipleTests" name="Google" time="10.866"/>
  <testcase classname="com.TestNGDemos.D02MultipleTests" name="Flipkart" time="18.348"/>
  <testcase classname="com.TestNGDemos.D02MultipleTests" name="Amazon" time="18.98"/>
</testsuite> <!-- MyTest -->
